
 Tela de Login Acessada

 Login realizado

 Reservas acessadas

 Dependencias acessadas

 Data selecionada

 Reserva gerada

 Conta deslogada

 Login realizado

 Reservas acessadas

 Dependencias acessadas

 Data selecionada

 Conflito evitado com sucesso

 Conta deslogada

 Login realizado

 Reservas acessadas

 Dependencias acessadas 

 Data selecionada

 Reserva cancelada com sucesso.

 Fim do log 


 Tela de Login Acessada

 Login realizado para o cliente yuri.tolla.ps1@townsq.com.br

 Reservas acessadas

 Dependencia tenis acessada

 Data selecionada

 Reserva gerada

 Conta deslogada

 Login realizado para o cliente yuri.tolla.ps2@townsq.com.br

 Reservas acessadas

 Dependencia tenis acessada

 Data selecionada

 Usuario cadastrado na fila de espera

 Layout de espera fechado

 Confirmada fila de espera

 Conta deslogada

 Login realizado

 Reservas acessadas

 Dependencias acessadas

 Data selecionada  

 Reserva cancelada com sucesso

 Conta deslogada

 Login realizado

 Reservas acessadas

 Dependencia tenis acessada

 Data selecionada

 Reserva pela fila de espera gerada com sucesso

 Reserva cancelada

 Fim do log 


 Tela de Login Acessada

 Login realizado

 Reservas acessadas

 Dependencias acessadas

 Data selecionada

 Reserva gerada com sucesso

 Reserva cancelada

 Fim do log 


 Tela de Login Acessada

 Login realizado para o cliente yuri.tolla.ps1@townsq.com.br

 Reservas acessadas

 Dependencia tenis acessada

 Data selecionada

 Reserva gerada

 Conta deslogada

 Login realizado para o cliente yuri.tolla.ps2@townsq.com.br

 Reservas acessadas

 Dependencia tenis acessada

 Data selecionada

 Usuario cadastrado na fila de espera

 Layout de espera fechado

 Confirmada fila de espera

 Acessando Fila de espera

 Saída da fila executada

 Layout de espera fechado

 Conta deslogada

 Login realizado

 Reservas acessadas

 Dependencias acessadas

 Data selecionada

 Reserva cancelada com sucesso.

 Fim do log 

